#
# There is insufficient memory for the Java Runtime Environment to continue.
# Native memory allocation (mmap) failed to map 536870912 bytes for G1 virtual space
# Possible reasons:
#   The system is out of physical RAM or swap space
#   The process is running with CompressedOops enabled, and the Java Heap may be blocking the growth of the native heap
# Possible solutions:
#   Reduce memory load on the system
#   Increase physical memory or swap space
#   Check if swap backing store is full
#   Decrease Java heap size (-Xmx/-Xms)
#   Decrease number of Java threads
#   Decrease Java thread stack sizes (-Xss)
#   Set larger code cache with -XX:ReservedCodeCacheSize=
#   JVM is running with Zero Based Compressed Oops mode in which the Java heap is
#     placed in the first 32GB address space. The Java Heap base address is the
#     maximum limit for the native heap growth. Please use -XX:HeapBaseMinAddress
#     to set the Java Heap base and to place the Java Heap above 32GB virtual address.
# This output file may be truncated or incomplete.
#
#  Out of Memory Error (os_windows.cpp:3769), pid=10544, tid=34556
#
# JRE version:  (17.0.6) (build )
# Java VM: OpenJDK 64-Bit Server VM (17.0.6+0-b2043.56-10027231, mixed mode, sharing, tiered, compressed oops, compressed class ptrs, g1 gc, windows-amd64)
# No core dump will be written. Minidumps are not enabled by default on client versions of Windows
#

---------------  S U M M A R Y ------------

Command Line: org.jetbrains.kotlin.cli.jvm.K2JVMCompiler @C:\Users\tyler\Desktop\Android IDE\Kotlin-HW4-main\Lab13\app\build\20231214_5795094098236022012.compiler.options

Host: 13th Gen Intel(R) Core(TM) i5-13600K, 20 cores, 31G,  Windows 10 , 64 bit Build 19041 (10.0.19041.3636)
Time: Thu Dec 14 00:51:49 2023  Windows 10 , 64 bit Build 19041 (10.0.19041.3636) elapsed time: 0.008151 seconds (0d 0h 0m 0s)

---------------  T H R E A D  ---------------

Current thread (0x0000029d2230afa0):  JavaThread "Unknown thread" [_thread_in_vm, id=34556, stack(0x000000aae8900000,0x000000aae8a00000)]

Stack: [0x000000aae8900000,0x000000aae8a00000]
Native frames: (J=compiled Java code, j=interpreted, Vv=VM code, C=native code)
V  [jvm.dll+0x683c9a]
V  [jvm.dll+0x8427a4]
V  [jvm.dll+0x843f9e]
V  [jvm.dll+0x844603]
V  [jvm.dll+0x249b75]
V  [jvm.dll+0x680b69]
V  [jvm.dll+0x67505a]
V  [jvm.dll+0x309acb]
V  [jvm.dll+0x310f86]
V  [jvm.dll+0x3608ee]
V  [jvm.dll+0x360b1f]
V  [jvm.dll+0x2dfbf8]
V  [jvm.dll+0x2e0b64]
V  [jvm.dll+0x814091]
V  [jvm.dll+0x36e6a1]
V  [jvm.dll+0x7f35cc]
V  [jvm.dll+0x3f0e8f]
V  [jvm.dll+0x3f29d1]
C  [jli.dll+0x526b]
C  [ucrtbase.dll+0x21bb2]
C  [KERNEL32.DLL+0x17344]
C  [ntdll.dll+0x526b1]


---------------  P R O C E S S  ---------------

Threads class SMR info:
_java_thread_list=0x00007fffe9a6c058, length=0, elements={
}

Java Threads: ( => current thread )

Other Threads:
  0x0000029d223b84f0 GCTaskThread "GC Thread#0" [stack: 0x000000aae8a00000,0x000000aae8b00000] [id=19868]
  0x0000029d223c9280 ConcurrentGCThread "G1 Main Marker" [stack: 0x000000aae8b00000,0x000000aae8c00000] [id=24716]
  0x0000029d223c9c90 ConcurrentGCThread "G1 Conc#0" [stack: 0x000000aae8c00000,0x000000aae8d00000] [id=30484]

[error occurred during error reporting (printing all threads), id 0xc0000005, EXCEPTION_ACCESS_VIOLATION (0xc0000005) at pc=0x00007fffe9220797]

VM state: not at safepoint (not fully initialized)

VM Mutex/Monitor currently owned by a thread:  ([mutex/lock_event])
[0x0000029d223081a0] Heap_lock - owner thread: 0x0000029d2230afa0

Heap address: 0x0000000603400000, size: 8140 MB, Compressed Oops mode: Zero based, Oop shift amount: 3

CDS archive(s) mapped at: [0x0000000000000000-0x0000000000000000-0x0000000000000000), size 0, SharedBaseAddress: 0x0000000800000000, ArchiveRelocationMode: 0.
Narrow klass base: 0x0000000000000000, Narrow klass shift: 0, Narrow klass range: 0x0

GC Precious Log:
<Empty>

Heap:
 garbage-first heap   total 0K, used 0K [0x0000000603400000, 0x0000000800000000)
  region size 4096K, 0 young (0K), 0 survivors (0K)

[error occurred during error reporting (printing heap information), id 0xc0000005, EXCEPTION_ACCESS_VIOLATION (0xc0000005) at pc=0x00007fffe960da89]

GC Heap History (0 events):
No events

Dll operation events (1 events):
Event: 0.005 Loaded shared library C:\Program Files\Android\Android Studio\jbr\bin\java.dll

Deoptimization events (0 events):
No events

Classes unloaded (0 events):
No events

Classes redefined (0 events):
No events

Internal exceptions (0 events):
No events

VM Operations (0 events):
No events

Events (0 events):
No events


Dynamic libraries:
0x00007ff6f5620000 - 0x00007ff6f562a000 	C:\Program Files\Android\Android Studio\jbr\bin\java.exe
0x00007ff8cc490000 - 0x00007ff8cc688000 	C:\Windows\SYSTEM32\ntdll.dll
0x00007ff8cb9f0000 - 0x00007ff8cbaad000 	C:\Windows\System32\KERNEL32.DLL
0x00007ff8c9eb0000 - 0x00007ff8ca1a6000 	C:\Windows\System32\KERNELBASE.dll
0x00007ff8c9cd0000 - 0x00007ff8c9dd0000 	C:\Windows\System32\ucrtbase.dll
0x00007ff8993b0000 - 0x00007ff8993cb000 	C:\Program Files\Android\Android Studio\jbr\bin\VCRUNTIME140.dll
0x00007ff8910a0000 - 0x00007ff8910b7000 	C:\Program Files\Android\Android Studio\jbr\bin\jli.dll
0x00007ff8cb530000 - 0x00007ff8cb6ce000 	C:\Windows\System32\USER32.dll
0x00007ff8c9dd0000 - 0x00007ff8c9df2000 	C:\Windows\System32\win32u.dll
0x00007ff8b3f30000 - 0x00007ff8b41ca000 	C:\Windows\WinSxS\amd64_microsoft.windows.common-controls_6595b64144ccf1df_6.0.19041.3636_none_60b6a03d71f818d5\COMCTL32.dll
0x00007ff8cad90000 - 0x00007ff8cadbc000 	C:\Windows\System32\GDI32.dll
0x00007ff8cadc0000 - 0x00007ff8cae5e000 	C:\Windows\System32\msvcrt.dll
0x00007ff8ca3d0000 - 0x00007ff8ca4ea000 	C:\Windows\System32\gdi32full.dll
0x00007ff8ca250000 - 0x00007ff8ca2ed000 	C:\Windows\System32\msvcp_win.dll
0x00007ff8cb6d0000 - 0x00007ff8cb700000 	C:\Windows\System32\IMM32.DLL
0x00007ff8bd280000 - 0x00007ff8bd28c000 	C:\Program Files\Android\Android Studio\jbr\bin\vcruntime140_1.dll
0x00007ff881240000 - 0x00007ff8812cd000 	C:\Program Files\Android\Android Studio\jbr\bin\msvcp140.dll
0x00007fffe8f30000 - 0x00007fffe9b9e000 	C:\Program Files\Android\Android Studio\jbr\bin\server\jvm.dll
0x00007ff8cb8e0000 - 0x00007ff8cb98f000 	C:\Windows\System32\ADVAPI32.dll
0x00007ff8cbd20000 - 0x00007ff8cbdbc000 	C:\Windows\System32\sechost.dll
0x00007ff8cb7b0000 - 0x00007ff8cb8d6000 	C:\Windows\System32\RPCRT4.dll
0x00007ff8a8390000 - 0x00007ff8a8399000 	C:\Windows\SYSTEM32\WSOCK32.dll
0x00007ff8c0e90000 - 0x00007ff8c0eb7000 	C:\Windows\SYSTEM32\WINMM.dll
0x00007ff8cbdc0000 - 0x00007ff8cbe2b000 	C:\Windows\System32\WS2_32.dll
0x00007ff8c8940000 - 0x00007ff8c894a000 	C:\Windows\SYSTEM32\VERSION.dll
0x00007ff8c8900000 - 0x00007ff8c8912000 	C:\Windows\SYSTEM32\kernel.appcore.dll
0x00007ff8b2a20000 - 0x00007ff8b2a2a000 	C:\Program Files\Android\Android Studio\jbr\bin\jimage.dll
0x00007ff8c8000000 - 0x00007ff8c81e4000 	C:\Windows\SYSTEM32\DBGHELP.DLL
0x00007ff8a8f20000 - 0x00007ff8a8f54000 	C:\Windows\SYSTEM32\dbgcore.DLL
0x00007ff8ca2f0000 - 0x00007ff8ca372000 	C:\Windows\System32\bcryptPrimitives.dll
0x00007ff896340000 - 0x00007ff896365000 	C:\Program Files\Android\Android Studio\jbr\bin\java.dll

dbghelp: loaded successfully - version: 4.0.5 - missing functions: none
symbol engine: initialized successfully - sym options: 0x614 - pdb path: .;C:\Program Files\Android\Android Studio\jbr\bin;C:\Windows\SYSTEM32;C:\Windows\WinSxS\amd64_microsoft.windows.common-controls_6595b64144ccf1df_6.0.19041.3636_none_60b6a03d71f818d5;C:\Program Files\Android\Android Studio\jbr\bin\server

VM Arguments:
java_command: org.jetbrains.kotlin.cli.jvm.K2JVMCompiler @C:\Users\tyler\Desktop\Android IDE\Kotlin-HW4-main\Lab13\app\build\20231214_5795094098236022012.compiler.options
java_class_path (initial): C:\Users\tyler\.gradle\caches\modules-2\files-2.1\org.jetbrains.kotlin\kotlin-compiler-embeddable\1.9.0\2c8c3a7402becca891f12739b3e9fd2dc2adbd7a\kotlin-compiler-embeddable-1.9.0.jar;C:\Users\tyler\.gradle\caches\modules-2\files-2.1\org.jetbrains.kotlin\kotlin-stdlib\1.9.0\8ee15ef0c67dc83d874f412d84378d7f0eb50b63\kotlin-stdlib-1.9.0.jar;C:\Users\tyler\.gradle\caches\modules-2\files-2.1\org.jetbrains.kotlin\kotlin-script-runtime\1.9.0\4b3102cbbb7e1b58d9d1adf89563f00069ffa7d1\kotlin-script-runtime-1.9.0.jar;C:\Users\tyler\.gradle\caches\modules-2\files-2.1\org.jetbrains.kotlin\kotlin-reflect\1.6.10\1cbe9c92c12a94eea200d23c2bbaedaf3daf5132\kotlin-reflect-1.6.10.jar;C:\Users\tyler\.gradle\caches\modules-2\files-2.1\org.jetbrains.kotlin\kotlin-daemon-embeddable\1.9.0\186543f5e28cf8d9a0290fecc2cf34301c40a65c\kotlin-daemon-embeddable-1.9.0.jar;C:\Users\tyler\.gradle\caches\modules-2\files-2.1\org.jetbrains.intellij.deps\trove4j\1.0.20200330\3afb14d5f9ceb459d724e907a21145e8ff394f02\trove4j-1.0.20200330.jar;C:\Users\tyler\.gradle\caches\modules-2\files-2.1\org.jetbrains.kotlin\kotlin-stdlib-common\1.9.0\cd65c21cfd1eec4d44ef09f9f52b6d9f8a720636\kotlin-stdlib-common-1.9.0.jar;C:\Users\tyler\.gradle\caches\modules-2\files-2.1\org.jetbrains\annotations\13.0\919f0dfe192fb4e063e7dacadee7f8bb9a2672a9\annotations-13.0.jar
Launcher Type: SUN_STANDARD

[Global flags]
     intx CICompilerCount                          = 12                                        {product} {ergonomic}
     uint ConcGCThreads                            = 4                                         {product} {ergonomic}
     uint G1ConcRefinementThreads                  = 15                                        {product} {ergonomic}
   size_t G1HeapRegionSize                         = 4194304                                   {product} {ergonomic}
    uintx GCDrainStackTargetSize                   = 64                                        {product} {ergonomic}
   size_t InitialHeapSize                          = 536870912                                 {product} {ergonomic}
   size_t MarkStackSize                            = 4194304                                   {product} {ergonomic}
   size_t MaxHeapSize                              = 8535408640                                {product} {ergonomic}
   size_t MinHeapDeltaBytes                        = 4194304                                   {product} {ergonomic}
   size_t MinHeapSize                              = 8388608                                   {product} {ergonomic}
    uintx NonNMethodCodeHeapSize                   = 7602480                                {pd product} {ergonomic}
    uintx NonProfiledCodeHeapSize                  = 122027880                              {pd product} {ergonomic}
    uintx ProfiledCodeHeapSize                     = 122027880                              {pd product} {ergonomic}
    uintx ReservedCodeCacheSize                    = 251658240                              {pd product} {ergonomic}
     bool SegmentedCodeCache                       = true                                      {product} {ergonomic}
   size_t SoftMaxHeapSize                          = 8535408640                             {manageable} {ergonomic}
     bool UseCompressedClassPointers               = true                           {product lp64_product} {ergonomic}
     bool UseCompressedOops                        = true                           {product lp64_product} {ergonomic}
     bool UseG1GC                                  = true                                      {product} {ergonomic}
     bool UseLargePagesIndividualAllocation        = false                                  {pd product} {ergonomic}

Logging:
Log output configuration:
 #0: stdout all=warning uptime,level,tags
 #1: stderr all=off uptime,level,tags

Environment Variables:
PATH=C:\Program Files\Common Files\Oracle\Java\javapath;C:\Program Files (x86)\Razer\ChromaBroadcast\bin;C:\Program Files\Razer\ChromaBroadcast\bin;C:\Windows\system32;C:\Windows;C:\Windows\System32\Wbem;C:\Windows\System32\WindowsPowerShell\v1.0\;C:\Windows\System32\OpenSSH\;C:\Program Files\NVIDIA Corporation\NVIDIA NvDLISR;C:\Program Files (x86)\NVIDIA Corporation\PhysX\Common;C:\Program Files (x86)\dotnet\;C:\Windows\system32\config\systemprofile\AppData\Local\Microsoft\WindowsApps;C:\Program Files\Docker\Docker\resources\bin;C:\Program Files\Bandizip\;C:\Program Files\Git\cmd;C:\Users\tyler\AppData\Local\Microsoft\WindowsApps;
USERNAME=tyler
OS=Windows_NT
PROCESSOR_IDENTIFIER=Intel64 Family 6 Model 183 Stepping 1, GenuineIntel
TMP=C:\Users\tyler\AppData\Local\Temp
TEMP=C:\Users\tyler\AppData\Local\Temp


JNI global refs:

[error occurred during error reporting (JNI global references), id 0xc0000005, EXCEPTION_ACCESS_VIOLATION (0xc0000005) at pc=0x00007fffe8fe7a10]


---------------  S Y S T E M  ---------------

OS:
 Windows 10 , 64 bit Build 19041 (10.0.19041.3636)
OS uptime: 2 days 1:59 hours

CPU: total 20 (initial active 20) (10 cores per cpu, 2 threads per core) family 6 model 183 stepping 1 microcode 0x10e, cx8, cmov, fxsr, ht, mmx, 3dnowpref, sse, sse2, sse3, ssse3, sse4.1, sse4.2, popcnt, lzcnt, tsc, tscinvbit, avx, avx2, aes, erms, clmul, bmi1, bmi2, adx, sha, fma, vzeroupper, clflush, clflushopt, clwb

Memory: 4k page, system-wide physical 32553M (11711M free)
TotalPageFile size 34601M (AvailPageFile size 125M)
current process WorkingSet (physical memory assigned to process): 10M, peak: 10M
current process commit charge ("private bytes"): 75M, peak: 587M

vm_info: OpenJDK 64-Bit Server VM (17.0.6+0-b2043.56-10027231) for windows-amd64 JRE (17.0.6+0-b2043.56-10027231), built on Apr 28 2023 00:43:19 by "androidbuild" with MS VC++ 16.10 / 16.11 (VS2019)

END.
